Using pre-set license
Built from '2020.3/staging' branch; Version is '2020.3.21f1 (a38c86f6690f) revision 10718342'; Using compiler version '192528614'; Build Type 'Release'
OS: 'Windows 10 Home; OS build 22000.856; Version 2009; 64bit' Language: 'ko' Physical Memory: 16178 MB
BatchMode: 1, IsHumanControllingUs: 0, StartBugReporterOnCrash: 0, Is64bit: 1, IsPro: 0

COMMAND LINE ARGUMENTS:
C:\Program Files\Unity\Hub\Editor\2020.3.21f1\Editor\Unity.exe
-adb2
-batchMode
-noUpm
-name
AssetImportWorker0
-projectPath
N:/Unity/2D_Platformer
-logFile
Logs/AssetImportWorker0.log
-srvPort
52783
Successfully changed project path to: N:/Unity/2D_Platformer
N:/Unity/2D_Platformer
Using Asset Import Pipeline V2.
Refreshing native plugins compatible for Editor in 51.24 ms, found 3 plugins.
Preloading 0 native plugins for Editor in 0.00 ms.
Initialize engine version: 2020.3.21f1 (a38c86f6690f)
[Subsystems] Discovering subsystems at path C:/Program Files/Unity/Hub/Editor/2020.3.21f1/Editor/Data/Resources/UnitySubsystems
[Subsystems] Discovering subsystems at path N:/Unity/2D_Platformer/Assets
GfxDevice: creating device client; threaded=0
Direct3D:
    Version:  Direct3D 11.0 [level 11.1]
    Renderer: Intel(R) UHD Graphics 620 (ID=0x3ea0)
    Vendor:   
    VRAM:     8089 MB
    Driver:   25.20.100.6577
Initialize mono
Mono path[0] = 'C:/Program Files/Unity/Hub/Editor/2020.3.21f1/Editor/Data/Managed'
Mono path[1] = 'C:/Program Files/Unity/Hub/Editor/2020.3.21f1/Editor/Data/MonoBleedingEdge/lib/mono/unityjit'
Mono config path = 'C:/Program Files/Unity/Hub/Editor/2020.3.21f1/Editor/Data/MonoBleedingEdge/etc'
Using monoOptions --debugger-agent=transport=dt_socket,embedding=1,server=y,suspend=n,address=127.0.0.1:56060
Begin MonoManager ReloadAssembly
Registering precompiled unity dll's ...
Register platform support module: C:/Program Files/Unity/Hub/Editor/2020.3.21f1/Editor/Data/PlaybackEngines/WindowsStandaloneSupport/UnityEditor.WindowsStandalone.Extensions.dll
Registered in 0.005437 seconds.
Native extension for WindowsStandalone target not found
Refreshing native plugins compatible for Editor in 62.01 ms, found 3 plugins.
Preloading 0 native plugins for Editor in 0.00 ms.
Mono: successfully reloaded assembly
- Completed reload, in  3.265 seconds
Domain Reload Profiling:
	ReloadAssembly (3265ms)
		BeginReloadAssembly (111ms)
			ExecutionOrderSort (0ms)
			DisableScriptedObjects (0ms)
			BackupInstance (0ms)
			ReleaseScriptingObjects (0ms)
			CreateAndSetChildDomain (1ms)
		EndReloadAssembly (631ms)
			LoadAssemblies (107ms)
			RebuildTransferFunctionScriptingTraits (0ms)
			SetupTypeCache (193ms)
			ReleaseScriptCaches (0ms)
			RebuildScriptCaches (50ms)
			SetupLoadedEditorAssemblies (216ms)
				LogAssemblyErrors (0ms)
				InitializePlatformSupportModulesInManaged (7ms)
				SetLoadedEditorAssemblies (0ms)
				RefreshPlugins (62ms)
				BeforeProcessingInitializeOnLoad (24ms)
				ProcessInitializeOnLoadAttributes (89ms)
				ProcessInitializeOnLoadMethodAttributes (33ms)
				AfterProcessingInitializeOnLoad (0ms)
				EditorAssembliesLoaded (0ms)
			ExecutionOrderSort2 (0ms)
			AwakeInstancesAfterBackupRestoration (0ms)
Platform modules already initialized, skipping
Registering precompiled user dll's ...
Registered in 0.004980 seconds.
Begin MonoManager ReloadAssembly
Native extension for WindowsStandalone target not found
Refreshing native plugins compatible for Editor in 48.53 ms, found 3 plugins.
Preloading 0 native plugins for Editor in 0.00 ms.
Mono: successfully reloaded assembly
- Completed reload, in  1.494 seconds
Domain Reload Profiling:
	ReloadAssembly (1495ms)
		BeginReloadAssembly (250ms)
			ExecutionOrderSort (0ms)
			DisableScriptedObjects (7ms)
			BackupInstance (0ms)
			ReleaseScriptingObjects (0ms)
			CreateAndSetChildDomain (25ms)
		EndReloadAssembly (1138ms)
			LoadAssemblies (177ms)
			RebuildTransferFunctionScriptingTraits (0ms)
			SetupTypeCache (348ms)
			ReleaseScriptCaches (1ms)
			RebuildScriptCaches (56ms)
			SetupLoadedEditorAssemblies (436ms)
				LogAssemblyErrors (0ms)
				InitializePlatformSupportModulesInManaged (5ms)
				SetLoadedEditorAssemblies (0ms)
				RefreshPlugins (49ms)
				BeforeProcessingInitializeOnLoad (90ms)
				ProcessInitializeOnLoadAttributes (259ms)
				ProcessInitializeOnLoadMethodAttributes (21ms)
				AfterProcessingInitializeOnLoad (13ms)
				EditorAssembliesLoaded (0ms)
			ExecutionOrderSort2 (0ms)
			AwakeInstancesAfterBackupRestoration (7ms)
Platform modules already initialized, skipping
========================================================================
Worker process is ready to serve import requests
Launched and connected shader compiler UnityShaderCompiler.exe after 0.10 seconds
Refreshing native plugins compatible for Editor in 0.94 ms, found 3 plugins.
Preloading 0 native plugins for Editor in 0.00 ms.
Unloading 2182 Unused Serialized files (Serialized files now loaded: 0)
System memory in use before: 95.4 MB.
System memory in use after: 95.5 MB.

Unloading 28 unused Assets to reduce memory usage. Loaded Objects now: 2615.
Total: 5.138000 ms (FindLiveObjects: 0.359100 ms CreateObjectMapping: 0.238700 ms MarkObjects: 4.447200 ms  DeleteObjects: 0.090900 ms)

AssetImportParameters requested are different than current active one (requested -> active):
  custom:framework-win-MediaFoundation: 216162199b28c13a410421893ffa2e32 -> 
  custom:video-decoder-ogg-theora: a1e56fd34408186e4bbccfd4996cb3dc -> 
  custom:container-muxer-webm: aa71ff27fc2769a1b78a27578f13a17b -> 
  custom:container-demuxer-webm: 4f35f7cbe854078d1ac9338744f61a02 -> 
  custom:container-demuxer-ogg: 62fdf1f143b41e24485cea50d1cbac27 -> 
  custom:video-encoder-webm-vp8: eb34c28f22e8b96e1ab97ce403110664 -> 
  custom:video-decoder-webm-vp8: 9c59270c3fd7afecdb556c50c9e8de78 -> 
  custom:audio-decoder-ogg-vorbis: bf7c407c2cedff20999df2af8eb42d56 -> 
  custom:audio-encoder-webm-vorbis: bf7c407c2cedff20999df2af8eb42d56 -> 
========================================================================
Received Import Request.
  path: Assets/sprites
  artifactKey: Guid(45f79c3b2c3719247baad439f6222883) Importer(815301076,1909f56bfc062723c751e8b465ee728b)
Start importing Assets/sprites using Guid(45f79c3b2c3719247baad439f6222883) Importer(815301076,1909f56bfc062723c751e8b465ee728b)  -> (artifact id: '81fe9f35935c34fe8753802c19c660cd') in 0.012097 seconds 
  Import took 0.027114 seconds .

========================================================================
Received Import Request.
  Time since last request: 1.144670 seconds.
  path: Assets/sprites/p_run.png
  artifactKey: Guid(d9441a9fe730cc943b36dd83a6c90485) Importer(815301076,1909f56bfc062723c751e8b465ee728b)
Start importing Assets/sprites/p_run.png using Guid(d9441a9fe730cc943b36dd83a6c90485) Importer(815301076,1909f56bfc062723c751e8b465ee728b)  -> (artifact id: 'b564a539f4cdb36535179a0ddd3b1504') in 0.193178 seconds 
  Import took 0.209377 seconds .

========================================================================
Received Import Request.
  Time since last request: 1.910799 seconds.
  path: Assets/sprites/p_idle.png
  artifactKey: Guid(028fac1e2ac674640b10f732a0be1461) Importer(815301076,1909f56bfc062723c751e8b465ee728b)
Start importing Assets/sprites/p_idle.png using Guid(028fac1e2ac674640b10f732a0be1461) Importer(815301076,1909f56bfc062723c751e8b465ee728b)  -> (artifact id: '067c56f0c3982e222730be4e7b9c48b5') in 0.023897 seconds 
  Import took 0.029346 seconds .

========================================================================
Received Import Request.
  Time since last request: 1.834475 seconds.
  path: Assets/sprites/ground.png
  artifactKey: Guid(f55f21c2d9ff13f42aeefe4126977eb1) Importer(815301076,1909f56bfc062723c751e8b465ee728b)
Start importing Assets/sprites/ground.png using Guid(f55f21c2d9ff13f42aeefe4126977eb1) Importer(815301076,1909f56bfc062723c751e8b465ee728b)  -> (artifact id: '6cae1bbb3e9a60d43f77754651209c35') in 0.022845 seconds 
  Import took 0.027479 seconds .

========================================================================
Received Import Request.
  Time since last request: 81.322215 seconds.
  path: Assets/sprites/p_idle.png
  artifactKey: Guid(028fac1e2ac674640b10f732a0be1461) Importer(815301076,1909f56bfc062723c751e8b465ee728b)
Start importing Assets/sprites/p_idle.png using Guid(028fac1e2ac674640b10f732a0be1461) Importer(815301076,1909f56bfc062723c751e8b465ee728b)  -> (artifact id: '13fb8b3acd4497aa0ae14f0d00d97565') in 0.015060 seconds 
  Import took 0.021107 seconds .

========================================================================
Received Import Request.
  Time since last request: 14.554847 seconds.
  path: Assets/sprites/p_idle.png
  artifactKey: Guid(028fac1e2ac674640b10f732a0be1461) Importer(815301076,1909f56bfc062723c751e8b465ee728b)
Start importing Assets/sprites/p_idle.png using Guid(028fac1e2ac674640b10f732a0be1461) Importer(815301076,1909f56bfc062723c751e8b465ee728b)  -> (artifact id: '74a116d10ae1a61a6bd6929477e60431') in 0.022534 seconds 
  Import took 0.027068 seconds .

========================================================================
Received Import Request.
  Time since last request: 107.832646 seconds.
  path: Assets/sprites/p_idle.png
  artifactKey: Guid(028fac1e2ac674640b10f732a0be1461) Importer(815301076,1909f56bfc062723c751e8b465ee728b)
Start importing Assets/sprites/p_idle.png using Guid(028fac1e2ac674640b10f732a0be1461) Importer(815301076,1909f56bfc062723c751e8b465ee728b)  -> (artifact id: '7298446d0f3d7b9252c8ea199c04fc52') in 0.019280 seconds 
  Import took 0.024197 seconds .

========================================================================
Received Import Request.
  Time since last request: 92.523867 seconds.
  path: Assets/sprites/p_idle.png
  artifactKey: Guid(028fac1e2ac674640b10f732a0be1461) Importer(815301076,1909f56bfc062723c751e8b465ee728b)
Start importing Assets/sprites/p_idle.png using Guid(028fac1e2ac674640b10f732a0be1461) Importer(815301076,1909f56bfc062723c751e8b465ee728b)  -> (artifact id: '53124164af165d86d1e59d96624c017c') in 0.019516 seconds 
  Import took 0.024910 seconds .

========================================================================
Received Import Request.
  Time since last request: 115.654153 seconds.
  path: Assets/sprites/p_idle.png
  artifactKey: Guid(028fac1e2ac674640b10f732a0be1461) Importer(815301076,1909f56bfc062723c751e8b465ee728b)
Start importing Assets/sprites/p_idle.png using Guid(028fac1e2ac674640b10f732a0be1461) Importer(815301076,1909f56bfc062723c751e8b465ee728b)  -> (artifact id: '966c8fe397ad0c35c8a3b32822a2bd0a') in 0.020809 seconds 
  Import took 0.025594 seconds .

========================================================================
Received Import Request.
  Time since last request: 15.836211 seconds.
  path: Assets/sprites/p_idle.png
  artifactKey: Guid(028fac1e2ac674640b10f732a0be1461) Importer(815301076,1909f56bfc062723c751e8b465ee728b)
Start importing Assets/sprites/p_idle.png using Guid(028fac1e2ac674640b10f732a0be1461) Importer(815301076,1909f56bfc062723c751e8b465ee728b)  -> (artifact id: '466f5c8f8b738c6a514f5a700bf87bb2') in 0.018185 seconds 
  Import took 0.021988 seconds .

========================================================================
Received Import Request.
  Time since last request: 15.807898 seconds.
  path: Assets/sprites/ground.png
  artifactKey: Guid(f55f21c2d9ff13f42aeefe4126977eb1) Importer(815301076,1909f56bfc062723c751e8b465ee728b)
Start importing Assets/sprites/ground.png using Guid(f55f21c2d9ff13f42aeefe4126977eb1) Importer(815301076,1909f56bfc062723c751e8b465ee728b)  -> (artifact id: '594b6da7f8ae94741bec80780547bd79') in 0.020610 seconds 
  Import took 0.026266 seconds .

========================================================================
Received Import Request.
  Time since last request: 19.997816 seconds.
  path: Assets/sprites/ground.png
  artifactKey: Guid(f55f21c2d9ff13f42aeefe4126977eb1) Importer(815301076,1909f56bfc062723c751e8b465ee728b)
Start importing Assets/sprites/ground.png using Guid(f55f21c2d9ff13f42aeefe4126977eb1) Importer(815301076,1909f56bfc062723c751e8b465ee728b)  -> (artifact id: '9ea0d14cb09dbd7751780e8c103db463') in 0.029339 seconds 
  Import took 0.035653 seconds .

========================================================================
Received Import Request.
  Time since last request: 7.528092 seconds.
  path: Assets/sprites/ground.png
  artifactKey: Guid(f55f21c2d9ff13f42aeefe4126977eb1) Importer(815301076,1909f56bfc062723c751e8b465ee728b)
Start importing Assets/sprites/ground.png using Guid(f55f21c2d9ff13f42aeefe4126977eb1) Importer(815301076,1909f56bfc062723c751e8b465ee728b)  -> (artifact id: 'f893cf7fe748af5f4e84f7d35692b6f2') in 0.026135 seconds 
  Import took 0.031193 seconds .

========================================================================
Received Prepare
Registering precompiled user dll's ...
Registered in 0.014104 seconds.
Begin MonoManager ReloadAssembly
Native extension for WindowsStandalone target not found
Refreshing native plugins compatible for Editor in 0.50 ms, found 3 plugins.
Preloading 0 native plugins for Editor in 0.00 ms.
Mono: successfully reloaded assembly
- Completed reload, in  1.414 seconds
Domain Reload Profiling:
	ReloadAssembly (1415ms)
		BeginReloadAssembly (183ms)
			ExecutionOrderSort (0ms)
			DisableScriptedObjects (7ms)
			BackupInstance (0ms)
			ReleaseScriptingObjects (0ms)
			CreateAndSetChildDomain (41ms)
		EndReloadAssembly (1133ms)
			LoadAssemblies (171ms)
			RebuildTransferFunctionScriptingTraits (0ms)
			SetupTypeCache (483ms)
			ReleaseScriptCaches (1ms)
			RebuildScriptCaches (52ms)
			SetupLoadedEditorAssemblies (349ms)
				LogAssemblyErrors (0ms)
				InitializePlatformSupportModulesInManaged (5ms)
				SetLoadedEditorAssemblies (0ms)
				RefreshPlugins (1ms)
				BeforeProcessingInitializeOnLoad (91ms)
				ProcessInitializeOnLoadAttributes (225ms)
				ProcessInitializeOnLoadMethodAttributes (13ms)
				AfterProcessingInitializeOnLoad (14ms)
				EditorAssembliesLoaded (0ms)
			ExecutionOrderSort2 (0ms)
			AwakeInstancesAfterBackupRestoration (10ms)
Platform modules already initialized, skipping
Refreshing native plugins compatible for Editor in 0.57 ms, found 3 plugins.
Preloading 0 native plugins for Editor in 0.00 ms.
Unloading 2171 Unused Serialized files (Serialized files now loaded: 0)
System memory in use before: 97.7 MB.
System memory in use after: 97.8 MB.

Unloading 17 unused Assets to reduce memory usage. Loaded Objects now: 2631.
Total: 3.814300 ms (FindLiveObjects: 0.232600 ms CreateObjectMapping: 0.075200 ms MarkObjects: 3.443000 ms  DeleteObjects: 0.062600 ms)

AssetImportParameters requested are different than current active one (requested -> active):
  custom:framework-win-MediaFoundation: 216162199b28c13a410421893ffa2e32 -> 
  custom:video-decoder-ogg-theora: a1e56fd34408186e4bbccfd4996cb3dc -> 
  custom:container-muxer-webm: aa71ff27fc2769a1b78a27578f13a17b -> 
  custom:container-demuxer-webm: 4f35f7cbe854078d1ac9338744f61a02 -> 
  custom:container-demuxer-ogg: 62fdf1f143b41e24485cea50d1cbac27 -> 
  custom:video-encoder-webm-vp8: eb34c28f22e8b96e1ab97ce403110664 -> 
  custom:video-decoder-webm-vp8: 9c59270c3fd7afecdb556c50c9e8de78 -> 
  custom:audio-decoder-ogg-vorbis: bf7c407c2cedff20999df2af8eb42d56 -> 
  custom:audio-encoder-webm-vorbis: bf7c407c2cedff20999df2af8eb42d56 -> 
AssetImportWorkerClient::OnTransportError - code=2 error=End of file
